<?xml version="1.0" encoding="UTF-8"?>
<testng-results ignored="0" total="1" passed="1" failed="0" skipped="0">
  <reporter-output>
  </reporter-output>
  <suite started-at="2023-10-25T21:59:56 BOT" name="Default suite" finished-at="2023-10-25T22:00:05 BOT" duration-ms="8487">
    <groups>
    </groups>
    <test started-at="2023-10-25T21:59:56 BOT" name="Default test" finished-at="2023-10-25T22:00:05 BOT" duration-ms="8487">
      <class name="Test.NewTest">
        <test-method signature="f()[pri:0, instance:Test.NewTest@3c7f66c4]" started-at="2023-10-25T21:59:56 BOT" name="f" finished-at="2023-10-25T22:00:05 BOT" duration-ms="8249" status="PASS">
          <reporter-output>
          </reporter-output>
        </test-method> <!-- f -->
      </class> <!-- Test.NewTest -->
    </test> <!-- Default test -->
  </suite> <!-- Default suite -->
</testng-results>
